<?xml version="1.0" encoding="UTF-8"?><testrun name="HotelJsonSwTest" project="HotelSwaggerPractice" tests="5" started="5" failures="0" errors="1" ignored="0">
  <testsuite name="com.qa.HotelSwaggerPractice.HotelJsonSwTest" time="1.177">
    <testcase name="DeleteTest" classname="com.qa.HotelSwaggerPractice.HotelJsonSwTest" time="1.029"/>
    <testcase name="PostTest2" classname="com.qa.HotelSwaggerPractice.HotelJsonSwTest" time="0.035"/>
    <testcase name="getObjectById" classname="com.qa.HotelSwaggerPractice.HotelJsonSwTest" time="0.032">
      <error>org.json.JSONException: JSONObject["id"] not a string.&#13;
	at org.json.JSONObject.getString(JSONObject.java:855)&#13;
	at com.qa.HotelSwaggerPractice.HotelJsonSwTest.getObjectById(HotelJsonSwTest.java:77)&#13;
	at sun.reflect.NativeMethodAccessorImpl.invoke0(Native Method)&#13;
	at sun.reflect.NativeMethodAccessorImpl.invoke(Unknown Source)&#13;
	at sun.reflect.DelegatingMethodAccessorImpl.invoke(Unknown Source)&#13;
	at java.lang.reflect.Method.invoke(Unknown Source)&#13;
	at org.junit.runners.model.FrameworkMethod$1.runReflectiveCall(FrameworkMethod.java:50)&#13;
	at org.junit.internal.runners.model.ReflectiveCallable.run(ReflectiveCallable.java:12)&#13;
	at org.junit.runners.model.FrameworkMethod.invokeExplosively(FrameworkMethod.java:47)&#13;
	at org.junit.internal.runners.statements.InvokeMethod.evaluate(InvokeMethod.java:17)&#13;
	at org.junit.runners.ParentRunner.runLeaf(ParentRunner.java:325)&#13;
	at org.junit.runners.BlockJUnit4ClassRunner.runChild(BlockJUnit4ClassRunner.java:78)&#13;
	at org.junit.runners.BlockJUnit4ClassRunner.runChild(BlockJUnit4ClassRunner.java:57)&#13;
	at org.junit.runners.ParentRunner$3.run(ParentRunner.java:290)&#13;
	at org.junit.runners.ParentRunner$1.schedule(ParentRunner.java:71)&#13;
	at org.junit.runners.ParentRunner.runChildren(ParentRunner.java:288)&#13;
	at org.junit.runners.ParentRunner.access$000(ParentRunner.java:58)&#13;
	at org.junit.runners.ParentRunner$2.evaluate(ParentRunner.java:268)&#13;
	at org.junit.runners.ParentRunner.run(ParentRunner.java:363)&#13;
	at org.eclipse.jdt.internal.junit4.runner.JUnit4TestReference.run(JUnit4TestReference.java:86)&#13;
	at org.eclipse.jdt.internal.junit.runner.TestExecution.run(TestExecution.java:38)&#13;
	at org.eclipse.jdt.internal.junit.runner.RemoteTestRunner.runTests(RemoteTestRunner.java:459)&#13;
	at org.eclipse.jdt.internal.junit.runner.RemoteTestRunner.runTests(RemoteTestRunner.java:678)&#13;
	at org.eclipse.jdt.internal.junit.runner.RemoteTestRunner.run(RemoteTestRunner.java:382)&#13;
	at org.eclipse.jdt.internal.junit.runner.RemoteTestRunner.main(RemoteTestRunner.java:192)&#13;
&#13;
</error>
    </testcase>
    <testcase name="PostTest" classname="com.qa.HotelSwaggerPractice.HotelJsonSwTest" time="0.017"/>
    <testcase name="GetTest" classname="com.qa.HotelSwaggerPractice.HotelJsonSwTest" time="0.064"/>
  </testsuite>
</testrun>
